  compilation object save succeeded; see C:\DevLife\GEngine\GEngine\Shaders\Pixel.cso
  compilation object save succeeded; see C:\DevLife\GEngine\GEngine\Shaders\Vertex.cso
  Animation.cpp
  Audio.cpp
  Background.cpp
  Controller.cpp
  Engine.cpp
  Font.cpp
  Game.cpp
  Geometry.cpp
  Graphics.cpp
  Image.cpp
  Object.cpp
  Particles.cpp
  Random.cpp
  Renderer.cpp
  Scene.cpp
  Sound.cpp
  Sprite.cpp
  Texture.cpp
  ThisGame.cpp
  TileSet.cpp
  Timer.cpp
  Vector.cpp
  Window.cpp
  GEngine.vcxproj -> C:\DevLife\GEngine\x64\Debug\GEngine.exe
