c:\devlife\graphic-rendering-cpp\gengine\gengine\x64\debug\object.obj
c:\devlife\graphic-rendering-cpp\gengine\gengine\x64\debug\geometry.obj
c:\devlife\graphic-rendering-cpp\gengine\gengine\x64\debug\sprite.obj
c:\devlife\graphic-rendering-cpp\gengine\gengine\x64\debug\renderer.obj
c:\devlife\graphic-rendering-cpp\gengine\gengine\x64\debug\animation.obj
c:\devlife\graphic-rendering-cpp\gengine\gengine\x64\debug\controller.obj
c:\devlife\graphic-rendering-cpp\gengine\gengine\x64\debug\font.obj
c:\devlife\graphic-rendering-cpp\gengine\gengine\x64\debug\audio.obj
c:\devlife\graphic-rendering-cpp\gengine\gengine\x64\debug\vector.obj
c:\devlife\graphic-rendering-cpp\gengine\gengine\x64\debug\window.obj
c:\devlife\graphic-rendering-cpp\gengine\gengine\x64\debug\particles.obj
c:\devlife\graphic-rendering-cpp\gengine\gengine\x64\debug\engine.obj
c:\devlife\graphic-rendering-cpp\gengine\gengine\x64\debug\background.obj
c:\devlife\graphic-rendering-cpp\gengine\gengine\x64\debug\scene.obj
c:\devlife\graphic-rendering-cpp\gengine\gengine\x64\debug\image.obj
c:\devlife\graphic-rendering-cpp\gengine\gengine\x64\debug\tileset.obj
c:\devlife\graphic-rendering-cpp\gengine\gengine\x64\debug\random.obj
c:\devlife\graphic-rendering-cpp\gengine\gengine\x64\debug\texture.obj
c:\devlife\graphic-rendering-cpp\gengine\gengine\x64\debug\game.obj
c:\devlife\graphic-rendering-cpp\gengine\gengine\x64\debug\graphics.obj
c:\devlife\graphic-rendering-cpp\gengine\gengine\x64\debug\timer.obj
c:\devlife\graphic-rendering-cpp\gengine\gengine\x64\debug\sound.obj
c:\devlife\graphic-rendering-cpp\gengine\gengine\x64\debug\thisgame.obj
c:\devlife\graphic-rendering-cpp\gengine\gengine\x64\debug\vc143.pdb
c:\devlife\graphic-rendering-cpp\gengine\gengine\shaders\pixel.cso
c:\devlife\graphic-rendering-cpp\gengine\gengine\shaders\vertex.cso
c:\devlife\graphic-rendering-cpp\gengine\x64\debug\gengine.exe
c:\devlife\graphic-rendering-cpp\gengine\x64\debug\gengine.pdb
c:\devlife\graphic-rendering-cpp\gengine\gengine\x64\debug\resources.res
c:\devlife\graphic-rendering-cpp\gengine\gengine\x64\debug\gengine.ilk
c:\devlife\graphic-rendering-cpp\gengine\gengine\x64\debug\vc143.idb
c:\devlife\graphic-rendering-cpp\gengine\gengine\x64\debug\gengine.tlog\cl.11172.write.1.tlog
c:\devlife\graphic-rendering-cpp\gengine\gengine\x64\debug\gengine.tlog\cl.command.1.tlog
c:\devlife\graphic-rendering-cpp\gengine\gengine\x64\debug\gengine.tlog\cl.items.tlog
c:\devlife\graphic-rendering-cpp\gengine\gengine\x64\debug\gengine.tlog\cl.read.1.tlog
c:\devlife\graphic-rendering-cpp\gengine\gengine\x64\debug\gengine.tlog\fxc.command.1.tlog
c:\devlife\graphic-rendering-cpp\gengine\gengine\x64\debug\gengine.tlog\fxc.read.1.tlog
c:\devlife\graphic-rendering-cpp\gengine\gengine\x64\debug\gengine.tlog\fxc.write.1.tlog
c:\devlife\graphic-rendering-cpp\gengine\gengine\x64\debug\gengine.tlog\link.command.1.tlog
c:\devlife\graphic-rendering-cpp\gengine\gengine\x64\debug\gengine.tlog\link.read.1.tlog
c:\devlife\graphic-rendering-cpp\gengine\gengine\x64\debug\gengine.tlog\link.secondary.1.tlog
c:\devlife\graphic-rendering-cpp\gengine\gengine\x64\debug\gengine.tlog\link.write.1.tlog
c:\devlife\graphic-rendering-cpp\gengine\gengine\x64\debug\gengine.tlog\rc.command.1.tlog
c:\devlife\graphic-rendering-cpp\gengine\gengine\x64\debug\gengine.tlog\rc.read.1.tlog
c:\devlife\graphic-rendering-cpp\gengine\gengine\x64\debug\gengine.tlog\rc.write.1.tlog
