c:\devlife\jogos\labs\lab28\tiledscroll\tiledscroll\x64\debug\engine.obj
c:\devlife\jogos\labs\lab28\tiledscroll\tiledscroll\x64\debug\controller.obj
c:\devlife\jogos\labs\lab28\tiledscroll\tiledscroll\x64\debug\background.obj
c:\devlife\jogos\labs\lab28\tiledscroll\tiledscroll\x64\debug\animation.obj
c:\devlife\jogos\labs\lab28\tiledscroll\tiledscroll\x64\debug\font.obj
c:\devlife\jogos\labs\lab28\tiledscroll\tiledscroll\x64\debug\audio.obj
c:\devlife\jogos\labs\lab28\tiledscroll\tiledscroll\x64\debug\vector.obj
c:\devlife\jogos\labs\lab28\tiledscroll\tiledscroll\x64\debug\window.obj
c:\devlife\jogos\labs\lab28\tiledscroll\tiledscroll\x64\debug\graphics.obj
c:\devlife\jogos\labs\lab28\tiledscroll\tiledscroll\x64\debug\timer.obj
c:\devlife\jogos\labs\lab28\tiledscroll\tiledscroll\x64\debug\image.obj
c:\devlife\jogos\labs\lab28\tiledscroll\tiledscroll\x64\debug\tileset.obj
c:\devlife\jogos\labs\lab28\tiledscroll\tiledscroll\x64\debug\sound.obj
c:\devlife\jogos\labs\lab28\tiledscroll\tiledscroll\x64\debug\texture.obj
c:\devlife\jogos\labs\lab28\tiledscroll\tiledscroll\x64\debug\random.obj
c:\devlife\jogos\labs\lab28\tiledscroll\tiledscroll\x64\debug\tiledscroll.obj
c:\devlife\jogos\labs\lab28\tiledscroll\tiledscroll\x64\debug\game.obj
c:\devlife\jogos\labs\lab28\tiledscroll\tiledscroll\x64\debug\object.obj
c:\devlife\jogos\labs\lab28\tiledscroll\tiledscroll\x64\debug\scene.obj
c:\devlife\jogos\labs\lab28\tiledscroll\tiledscroll\x64\debug\renderer.obj
c:\devlife\jogos\labs\lab28\tiledscroll\tiledscroll\x64\debug\geometry.obj
c:\devlife\jogos\labs\lab28\tiledscroll\tiledscroll\x64\debug\sprite.obj
c:\devlife\jogos\labs\lab28\tiledscroll\tiledscroll\x64\debug\particles.obj
c:\devlife\jogos\labs\lab28\tiledscroll\tiledscroll\x64\debug\vc143.pdb
c:\devlife\jogos\labs\lab28\tiledscroll\tiledscroll\shaders\pixel.cso
c:\devlife\jogos\labs\lab28\tiledscroll\tiledscroll\shaders\vertex.cso
c:\devlife\jogos\labs\lab28\tiledscroll\x64\debug\tiledscroll.exe
c:\devlife\jogos\labs\lab28\tiledscroll\x64\debug\tiledscroll.pdb
c:\devlife\jogos\labs\lab28\tiledscroll\tiledscroll\x64\debug\resources.res
c:\devlife\jogos\labs\lab28\tiledscroll\tiledscroll\x64\debug\tiledscroll.ilk
c:\devlife\graphic-rendering-cpp\engine\tiledscroll\x64\debug\animation.obj
c:\devlife\graphic-rendering-cpp\engine\tiledscroll\x64\debug\audio.obj
c:\devlife\graphic-rendering-cpp\engine\tiledscroll\x64\debug\background.obj
c:\devlife\graphic-rendering-cpp\engine\tiledscroll\x64\debug\controller.obj
c:\devlife\graphic-rendering-cpp\engine\tiledscroll\x64\debug\engine.obj
c:\devlife\graphic-rendering-cpp\engine\tiledscroll\x64\debug\font.obj
c:\devlife\graphic-rendering-cpp\engine\tiledscroll\x64\debug\game.obj
c:\devlife\graphic-rendering-cpp\engine\tiledscroll\x64\debug\geometry.obj
c:\devlife\graphic-rendering-cpp\engine\tiledscroll\x64\debug\graphics.obj
c:\devlife\graphic-rendering-cpp\engine\tiledscroll\x64\debug\image.obj
c:\devlife\graphic-rendering-cpp\engine\tiledscroll\x64\debug\object.obj
c:\devlife\graphic-rendering-cpp\engine\tiledscroll\x64\debug\particles.obj
c:\devlife\graphic-rendering-cpp\engine\tiledscroll\x64\debug\random.obj
c:\devlife\graphic-rendering-cpp\engine\tiledscroll\x64\debug\renderer.obj
c:\devlife\graphic-rendering-cpp\engine\tiledscroll\x64\debug\scene.obj
c:\devlife\graphic-rendering-cpp\engine\tiledscroll\x64\debug\sound.obj
c:\devlife\graphic-rendering-cpp\engine\tiledscroll\x64\debug\sprite.obj
c:\devlife\graphic-rendering-cpp\engine\tiledscroll\x64\debug\texture.obj
c:\devlife\graphic-rendering-cpp\engine\tiledscroll\x64\debug\tiledscroll.obj
c:\devlife\graphic-rendering-cpp\engine\tiledscroll\x64\debug\tileset.obj
c:\devlife\graphic-rendering-cpp\engine\tiledscroll\x64\debug\timer.obj
c:\devlife\graphic-rendering-cpp\engine\tiledscroll\x64\debug\vector.obj
c:\devlife\graphic-rendering-cpp\engine\tiledscroll\x64\debug\window.obj
c:\devlife\graphic-rendering-cpp\engine\tiledscroll\x64\debug\tiledscroll.ilk
c:\devlife\graphic-rendering-cpp\engine\tiledscroll\x64\debug\resources.res
c:\devlife\graphic-rendering-cpp\engine\tiledscroll\x64\debug\vc143.idb
c:\devlife\graphic-rendering-cpp\engine\tiledscroll\x64\debug\vc143.pdb
c:\devlife\graphic-rendering-cpp\engine\x64\debug\tiledscroll.pdb
c:\devlife\graphic-rendering-cpp\engine\x64\debug\tiledscroll.exe
c:\devlife\graphic-rendering-cpp\engine\tiledscroll\x64\debug\tiledscroll.tlog\cl.12496.write.1.tlog
c:\devlife\graphic-rendering-cpp\engine\tiledscroll\x64\debug\tiledscroll.tlog\cl.command.1.tlog
c:\devlife\graphic-rendering-cpp\engine\tiledscroll\x64\debug\tiledscroll.tlog\cl.items.tlog
c:\devlife\graphic-rendering-cpp\engine\tiledscroll\x64\debug\tiledscroll.tlog\cl.read.1.tlog
c:\devlife\graphic-rendering-cpp\engine\tiledscroll\x64\debug\tiledscroll.tlog\fxc.command.1.tlog
c:\devlife\graphic-rendering-cpp\engine\tiledscroll\x64\debug\tiledscroll.tlog\fxc.read.1.tlog
c:\devlife\graphic-rendering-cpp\engine\tiledscroll\x64\debug\tiledscroll.tlog\fxc.write.1.tlog
c:\devlife\graphic-rendering-cpp\engine\tiledscroll\x64\debug\tiledscroll.tlog\link.command.1.tlog
c:\devlife\graphic-rendering-cpp\engine\tiledscroll\x64\debug\tiledscroll.tlog\link.read.1.tlog
c:\devlife\graphic-rendering-cpp\engine\tiledscroll\x64\debug\tiledscroll.tlog\link.secondary.1.tlog
c:\devlife\graphic-rendering-cpp\engine\tiledscroll\x64\debug\tiledscroll.tlog\link.write.1.tlog
c:\devlife\graphic-rendering-cpp\engine\tiledscroll\x64\debug\tiledscroll.tlog\rc.command.1.tlog
c:\devlife\graphic-rendering-cpp\engine\tiledscroll\x64\debug\tiledscroll.tlog\rc.read.1.tlog
c:\devlife\graphic-rendering-cpp\engine\tiledscroll\x64\debug\tiledscroll.tlog\rc.write.1.tlog
